#
# There is insufficient memory for the Java Runtime Environment to continue.
# Native memory allocation (mmap) failed to map 266338304 bytes for G1 virtual space
# Possible reasons:
#   The system is out of physical RAM or swap space
#   The process is running with CompressedOops enabled, and the Java Heap may be blocking the growth of the native heap
# Possible solutions:
#   Reduce memory load on the system
#   Increase physical memory or swap space
#   Check if swap backing store is full
#   Decrease Java heap size (-Xmx/-Xms)
#   Decrease number of Java threads
#   Decrease Java thread stack sizes (-Xss)
#   Set larger code cache with -XX:ReservedCodeCacheSize=
#   JVM is running with Zero Based Compressed Oops mode in which the Java heap is
#     placed in the first 32GB address space. The Java Heap base address is the
#     maximum limit for the native heap growth. Please use -XX:HeapBaseMinAddress
#     to set the Java Heap base and to place the Java Heap above 32GB virtual address.
# This output file may be truncated or incomplete.
#
#  Out of Memory Error (os_windows.cpp:3530), pid=27344, tid=28032
#
# JRE version:  (18.0.2.1+1) (build )
# Java VM: Java HotSpot(TM) 64-Bit Server VM (18.0.2.1+1-1, mixed mode, sharing, tiered, compressed oops, compressed class ptrs, g1 gc, windows-amd64)
# No core dump will be written. Minidumps are not enabled by default on client versions of Windows
#

---------------  S U M M A R Y ------------

Command Line: -Dfile.encoding=UTF-8 -XX:+ShowCodeDetailsInExceptionMessages MOBLIMA

Host: Intel(R) Core(TM) i7-10750H CPU @ 2.60GHz, 12 cores, 15G,  Windows 11 , 64 bit Build 22000 (10.0.22000.708)
Time: Wed Nov  2 21:20:02 2022 Malay Peninsula Standard Time elapsed time: 0.012401 seconds (0d 0h 0m 0s)

---------------  T H R E A D  ---------------

Current thread (0x0000027ac0e503d0):  JavaThread "Unknown thread" [_thread_in_vm, id=28032, stack(0x000000c7dff00000,0x000000c7e0000000)]

Stack: [0x000000c7dff00000,0x000000c7e0000000]
Native frames: (J=compiled Java code, j=interpreted, Vv=VM code, C=native code)
V  [jvm.dll+0x6993aa]
V  [jvm.dll+0x7f46dd]
V  [jvm.dll+0x7f5fee]
V  [jvm.dll+0x7f66a3]
V  [jvm.dll+0x25cf1f]
V  [jvm.dll+0x6962f9]
V  [jvm.dll+0x68ae2a]
V  [jvm.dll+0x32255b]
V  [jvm.dll+0x329f36]
V  [jvm.dll+0x37eade]
V  [jvm.dll+0x37ed0f]
V  [jvm.dll+0x2fa2da]
V  [jvm.dll+0x2fb33d]
V  [jvm.dll+0x7c3310]
V  [jvm.dll+0x38be61]
V  [jvm.dll+0x7a2023]
V  [jvm.dll+0x40dc3f]
V  [jvm.dll+0x40f611]
C  [jli.dll+0x526b]
C  [ucrtbase.dll+0x26c0c]
C  [KERNEL32.DLL+0x154e0]
C  [ntdll.dll+0x485b]


---------------  P R O C E S S  ---------------

Threads class SMR info:
_java_thread_list=0x00007ff87605e550, length=0, elements={
}

Java Threads: ( => current thread )

Other Threads:
  0x0000027ac0ec0b40 WorkerThread "GC Thread#0" [stack: 0x000000c7e0000000,0x000000c7e0100000] [id=35388]
  0x0000027ac0ed21e0 ConcurrentGCThread "G1 Main Marker" [stack: 0x000000c7e0100000,0x000000c7e0200000] [id=2708]
  0x0000027ac0ed4220 WorkerThread "G1 Conc#0" [stack: 0x000000c7e0200000,0x000000c7e0300000] [id=41684]

[error occurred during error reporting (printing all threads), id 0xc0000005, EXCEPTION_ACCESS_VIOLATION (0xc0000005) at pc=0x00007ff87588a877]

VM state: not at safepoint (not fully initialized)

VM Mutex/Monitor currently owned by a thread:  ([mutex/lock_event])
[0x0000027ac0e4f790] Heap_lock - owner thread: 0x0000027ac0e503d0

Heap address: 0x0000000702000000, size: 4064 MB, Compressed Oops mode: Zero based, Oop shift amount: 3

CDS archive(s) mapped at: [0x0000000000000000-0x0000000000000000-0x0000000000000000), size 0, SharedBaseAddress: 0x0000000800000000, ArchiveRelocationMode: 0.
Narrow klass base: 0x0000000000000000, Narrow klass shift: 0, Narrow klass range: 0x0

GC Precious Log:
 CardTable entry size: 512
 Card Set container configuration: InlinePtr #cards 4 size 8 Array Of Cards #cards 16 size 48 Howl #buckets 8 coarsen threshold 3686 Howl Bitmap #cards 512 size 80 coarsen threshold 460 Card regions per heap region 1 cards per card region 4096

Heap:
 garbage-first heap   total 0K, used 0K [0x0000000702000000, 0x0000000800000000)
  region size 2048K, 0 young (0K), 0 survivors (0K)

[error occurred during error reporting (printing heap information), id 0xc0000005, EXCEPTION_ACCESS_VIOLATION (0xc0000005) at pc=0x00007ff875c71839]

GC Heap History (0 events):
No events

Deoptimization events (0 events):
No events

Classes loaded (0 events):
No events

Classes unloaded (0 events):
No events

Classes redefined (0 events):
No events

Internal exceptions (0 events):
No events

VM Operations (0 events):
No events

Events (1 events):
Event: 0.005 Loaded shared library C:\Program Files\Java\jdk-18.0.2.1\bin\java.dll


Dynamic libraries:
0x00007ff79d990000 - 0x00007ff79d9a0000 	C:\Program Files\Java\jdk-18.0.2.1\bin\javaw.exe
0x00007ff9217c0000 - 0x00007ff9219c9000 	C:\WINDOWS\SYSTEM32\ntdll.dll
0x00007ff91fca0000 - 0x00007ff91fd5d000 	C:\WINDOWS\System32\KERNEL32.DLL
0x00007ff91ef40000 - 0x00007ff91f2bb000 	C:\WINDOWS\System32\KERNELBASE.dll
0x00007ff91ee20000 - 0x00007ff91ef31000 	C:\WINDOWS\System32\ucrtbase.dll
0x00007ff908000000 - 0x00007ff90801a000 	C:\Program Files\Java\jdk-18.0.2.1\bin\VCRUNTIME140.dll
0x00007ff906400000 - 0x00007ff906418000 	C:\Program Files\Java\jdk-18.0.2.1\bin\jli.dll
0x00007ff921660000 - 0x00007ff92170e000 	C:\WINDOWS\System32\ADVAPI32.dll
0x00007ff91f920000 - 0x00007ff91f9c3000 	C:\WINDOWS\System32\msvcrt.dll
0x00007ff91fd60000 - 0x00007ff91fdfe000 	C:\WINDOWS\System32\sechost.dll
0x00007ff920270000 - 0x00007ff920390000 	C:\WINDOWS\System32\RPCRT4.dll
0x00007ff920640000 - 0x00007ff9207ed000 	C:\WINDOWS\System32\USER32.dll
0x00007ff906da0000 - 0x00007ff907045000 	C:\WINDOWS\WinSxS\amd64_microsoft.windows.common-controls_6595b64144ccf1df_6.0.22000.120_none_9d947278b86cc467\COMCTL32.dll
0x00007ff91f2c0000 - 0x00007ff91f2e6000 	C:\WINDOWS\System32\win32u.dll
0x00007ff920390000 - 0x00007ff9203b9000 	C:\WINDOWS\System32\GDI32.dll
0x00007ff91ec90000 - 0x00007ff91eda8000 	C:\WINDOWS\System32\gdi32full.dll
0x00007ff917540000 - 0x00007ff91754a000 	C:\WINDOWS\SYSTEM32\VERSION.dll
0x00007ff91f5a0000 - 0x00007ff91f63d000 	C:\WINDOWS\System32\msvcp_win.dll
0x00007ff91fac0000 - 0x00007ff91faf1000 	C:\WINDOWS\System32\IMM32.DLL
0x00007ff91a690000 - 0x00007ff91a69c000 	C:\Program Files\Java\jdk-18.0.2.1\bin\vcruntime140_1.dll
0x00007ff8d24c0000 - 0x00007ff8d254d000 	C:\Program Files\Java\jdk-18.0.2.1\bin\msvcp140.dll
0x00007ff875580000 - 0x00007ff876191000 	C:\Program Files\Java\jdk-18.0.2.1\bin\server\jvm.dll
0x00007ff91f810000 - 0x00007ff91f818000 	C:\WINDOWS\System32\PSAPI.DLL
0x00007ff916ad0000 - 0x00007ff916b03000 	C:\WINDOWS\SYSTEM32\WINMM.dll
0x00007ff88c0f0000 - 0x00007ff88c0f9000 	C:\WINDOWS\SYSTEM32\WSOCK32.dll
0x00007ff9203c0000 - 0x00007ff92042f000 	C:\WINDOWS\System32\WS2_32.dll
0x00007ff91de00000 - 0x00007ff91de18000 	C:\WINDOWS\SYSTEM32\kernel.appcore.dll
0x00007ff9090d0000 - 0x00007ff9090da000 	C:\Program Files\Java\jdk-18.0.2.1\bin\jimage.dll
0x00007ff91c1a0000 - 0x00007ff91c3c1000 	C:\WINDOWS\SYSTEM32\DBGHELP.DLL
0x00007ff901b80000 - 0x00007ff901bb1000 	C:\WINDOWS\SYSTEM32\dbgcore.DLL
0x00007ff91f460000 - 0x00007ff91f4df000 	C:\WINDOWS\System32\bcryptPrimitives.dll
0x00007ff8dd7c0000 - 0x00007ff8dd7e5000 	C:\Program Files\Java\jdk-18.0.2.1\bin\java.dll

dbghelp: loaded successfully - version: 4.0.5 - missing functions: none
symbol engine: initialized successfully - sym options: 0x614 - pdb path: .;C:\Program Files\Java\jdk-18.0.2.1\bin;C:\WINDOWS\SYSTEM32;C:\WINDOWS\WinSxS\amd64_microsoft.windows.common-controls_6595b64144ccf1df_6.0.22000.120_none_9d947278b86cc467;C:\Program Files\Java\jdk-18.0.2.1\bin\server

VM Arguments:
jvm_args: -Dfile.encoding=UTF-8 -XX:+ShowCodeDetailsInExceptionMessages 
java_command: MOBLIMA
java_class_path (initial): C:\Users\weiya\Documents\NTU WORK\Yr 2\sc2002\eclipse-workspace\SC2002-Movie\Assignment\bin
Launcher Type: SUN_STANDARD

[Global flags]
     intx CICompilerCount                          = 4                                         {product} {ergonomic}
     uint ConcGCThreads                            = 3                                         {product} {ergonomic}
     uint G1ConcRefinementThreads                  = 10                                        {product} {ergonomic}
   size_t G1HeapRegionSize                         = 2097152                                   {product} {ergonomic}
    uintx GCDrainStackTargetSize                   = 64                                        {product} {ergonomic}
   size_t InitialHeapSize                          = 266338304                                 {product} {ergonomic}
   size_t MarkStackSize                            = 4194304                                   {product} {ergonomic}
   size_t MaxHeapSize                              = 4261412864                                {product} {ergonomic}
   size_t MinHeapDeltaBytes                        = 2097152                                   {product} {ergonomic}
   size_t MinHeapSize                              = 8388608                                   {product} {ergonomic}
    uintx NonNMethodCodeHeapSize                   = 5839372                                {pd product} {ergonomic}
    uintx NonProfiledCodeHeapSize                  = 122909434                              {pd product} {ergonomic}
    uintx ProfiledCodeHeapSize                     = 122909434                              {pd product} {ergonomic}
    uintx ReservedCodeCacheSize                    = 251658240                              {pd product} {ergonomic}
     bool SegmentedCodeCache                       = true                                      {product} {ergonomic}
     bool ShowCodeDetailsInExceptionMessages       = true                                   {manageable} {command line}
   size_t SoftMaxHeapSize                          = 4261412864                             {manageable} {ergonomic}
     bool UseCompressedClassPointers               = true                           {product lp64_product} {ergonomic}
     bool UseCompressedOops                        = true                           {product lp64_product} {ergonomic}
     bool UseG1GC                                  = true                                      {product} {ergonomic}
     bool UseLargePagesIndividualAllocation        = false                                  {pd product} {ergonomic}

Logging:
Log output configuration:
 #0: stdout all=warning uptime,level,tags foldmultilines=false
 #1: stderr all=off uptime,level,tags foldmultilines=false

Environment Variables:
PATH=C:\Program Files\Common Files\Oracle\Java\javapath;C:\Windows\system32;C:\Windows;C:\Windows\System32\Wbem;C:\Windows\System32\WindowsPowerShell\v1.0\;C:\Windows\System32\OpenSSH\;C:\Program Files (x86)\NVIDIA Corporation\PhysX\Common;C:\Program Files\dotnet\;C:\WINDOWS\system32;C:\WINDOWS;C:\WINDOWS\System32\Wbem;C:\WINDOWS\System32\WindowsPowerShell\v1.0\;C:\WINDOWS\System32\OpenSSH\;C:\Program Files\Git\cmd;C:\Program Files (x86)\Pulse Secure\VC142.CRT\X64\;C:\Program Files (x86)\Pulse Secure\VC142.CRT\X86\;C:\WINDOWS\system32;C:\WINDOWS;C:\WINDOWS\System32\Wbem;C:\WINDOWS\System32\WindowsPowerShell\v1.0\;C:\WINDOWS\System32\OpenSSH\;C:\Program Files\Git LFS;C:\Users\weiya\AppData\Local\Microsoft\WindowsApps;C:\Users\weiya\AppData\Local\GitHubDesktop\bin;C:\Users\weiya\.dotnet\tools;C:\Users\weiya\AppData\Local\Programs\Microsoft VS Code\bin;
USERNAME=weiya
OS=Windows_NT
PROCESSOR_IDENTIFIER=Intel64 Family 6 Model 165 Stepping 2, GenuineIntel



---------------  S Y S T E M  ---------------

OS:
 Windows 11 , 64 bit Build 22000 (10.0.22000.708)
OS uptime: 4 days 8:06 hours

CPU: total 12 (initial active 12) (6 cores per cpu, 2 threads per core) family 6 model 165 stepping 2 microcode 0xe0, cx8, cmov, fxsr, ht, mmx, 3dnowpref, sse, sse2, sse3, ssse3, sse4.1, sse4.2, popcnt, lzcnt, tsc, tscinvbit, avx, avx2, aes, erms, clmul, bmi1, bmi2, adx, fma, vzeroupper, clflush, clflushopt

Memory: 4k page, system-wide physical 16253M (6186M free)
TotalPageFile size 65405M (AvailPageFile size 16M)
current process WorkingSet (physical memory assigned to process): 10M, peak: 10M
current process commit charge ("private bytes"): 64M, peak: 318M

vm_info: Java HotSpot(TM) 64-Bit Server VM (18.0.2.1+1-1) for windows-amd64 JRE (18.0.2.1+1-1), built on Aug 16 2022 01:46:33 by "mach5one" with MS VC++ 16.8 / 16.9 (VS2019)

END.
